2021-06-02 15:05:02 INFO  For Loop Output:8 - The Execution of For Loop Starts Here!!!!!
2021-06-02 15:05:02 INFO  For Loop Output:12 - The Even Number is :20
2021-06-02 15:05:02 INFO  For Loop Output:12 - The Even Number is :22
2021-06-02 15:05:02 INFO  For Loop Output:12 - The Even Number is :24
2021-06-02 15:05:02 INFO  For Loop Output:12 - The Even Number is :26
2021-06-02 15:05:02 INFO  For Loop Output:12 - The Even Number is :28
2021-06-02 15:05:02 INFO  For Loop Output:12 - The Even Number is :30
2021-06-02 15:05:02 INFO  For Loop Output:12 - The Even Number is :32
2021-06-02 15:05:02 INFO  For Loop Output:12 - The Even Number is :34
2021-06-02 15:05:02 INFO  For Loop Output:12 - The Even Number is :36
2021-06-02 15:05:02 INFO  For Loop Output:12 - The Even Number is :38
2021-06-02 15:05:02 INFO  For Loop Output:12 - The Even Number is :40
2021-06-02 15:05:02 INFO  For Loop Output:15 - The Execution of For Loop ends Here!!!!!
2021-06-02 17:46:05 INFO  For Loop Output:8 - The Execution of For Loop Starts Here!!!!!
2021-06-02 17:46:05 INFO  For Loop Output:12 - The Even Number is :20
2021-06-02 17:46:05 INFO  For Loop Output:12 - The Even Number is :22
2021-06-02 17:46:05 INFO  For Loop Output:12 - The Even Number is :24
2021-06-02 17:46:05 INFO  For Loop Output:12 - The Even Number is :26
2021-06-02 17:46:05 INFO  For Loop Output:12 - The Even Number is :28
2021-06-02 17:46:05 INFO  For Loop Output:12 - The Even Number is :30
2021-06-02 17:46:05 INFO  For Loop Output:12 - The Even Number is :32
2021-06-02 17:46:05 INFO  For Loop Output:12 - The Even Number is :34
2021-06-02 17:46:05 INFO  For Loop Output:12 - The Even Number is :36
2021-06-02 17:46:05 INFO  For Loop Output:12 - The Even Number is :38
2021-06-02 17:46:05 INFO  For Loop Output:12 - The Even Number is :40
2021-06-02 17:46:05 INFO  For Loop Output:15 - The Execution of For Loop ends Here!!!!!
2021-06-03 16:18:33 INFO  For browser successful:19 - Browser launched successfully
2021-06-03 16:18:38 INFO  For browser successful:33 - Navigated successfully
2021-06-03 16:18:44 INFO  For browser successful:46 - Login page has opened successfully
2021-06-03 16:18:48 INFO  For browser successful:61 - Create user page opened
2021-06-03 16:18:54 INFO  For browser successful:66 - Create user
2021-06-03 16:19:08 INFO  For browser successful:80 - User created successfully
2021-06-03 16:19:08 INFO  For browser successful:89 - delete the user
2021-06-03 16:19:16 INFO  For browser successful:104 - User deleted successfully
2021-06-03 16:19:16 INFO  For browser successful:109 - Logout action performed
2021-06-03 16:19:18 INFO  For browser successful:122 - Application closed successfully
2021-06-03 16:29:31 INFO  For browser successful:19 - Browser launched successfully
2021-06-03 16:30:00 INFO  For browser successful:33 - Navigated successfully
2021-06-03 16:30:08 INFO  For browser successful:46 - Login page has opened successfully
2021-06-03 16:30:15 INFO  For browser successful:61 - Create user page opened
2021-06-03 16:30:20 INFO  For browser successful:66 - Create user
2021-06-03 16:30:33 INFO  For browser successful:80 - User created successfully
2021-06-03 16:30:33 INFO  For browser successful:89 - Modify the user
2021-06-03 16:30:57 INFO  For browser successful:109 - User modified successfully
2021-06-03 16:30:57 INFO  For browser successful:118 - delete the user
2021-06-03 16:31:15 INFO  For browser successful:134 - User deleted successfully
2021-06-03 16:31:15 INFO  For browser successful:139 - Logout action performed
2021-06-03 16:31:18 INFO  For browser successful:152 - Application closed successfully
2021-06-03 16:39:47 INFO  For browser successful:18 - Browser launched successfully
2021-06-03 16:39:56 INFO  For browser successful:32 - Navigated successfully
2021-06-03 16:39:58 INFO  For browser successful:45 - Login page has opened successfully
2021-06-03 16:40:03 INFO  For browser successful:60 - Create a customer
2021-06-03 16:40:08 INFO  For browser successful:65 - Enter customer details
2021-06-03 16:40:09 INFO  For browser successful:81 - Delete customer
2021-06-03 16:40:09 INFO  For browser successful:93 - Customer deleted successfully
2021-06-03 16:40:09 INFO  For browser successful:99 - Logout action performed
2021-06-03 16:40:11 INFO  For browser successful:115 - Application closed successfully
2021-06-03 16:44:25 INFO  For browser successful:18 - Browser launched successfully
2021-06-03 16:44:36 INFO  For browser successful:32 - Navigated successfully
2021-06-03 16:44:39 INFO  For browser successful:45 - Login page has opened successfully
2021-06-03 16:44:44 INFO  For browser successful:60 - Create a customer
2021-06-03 16:44:47 INFO  For browser successful:65 - Enter customer details
2021-06-03 16:44:48 INFO  For browser successful:71 - Customer created successfully
2021-06-03 16:44:48 INFO  For browser successful:81 - Delete customer
2021-06-03 16:45:02 INFO  For browser successful:90 - Customer deleted successfully
2021-06-03 16:45:02 INFO  For browser successful:100 - Logout action performed
2021-06-03 16:45:04 INFO  For browser successful:116 - Application closed successfully
2021-06-03 16:52:00 INFO  For browser successful:18 - Browser launched successfully
2021-06-03 16:52:07 INFO  For browser successful:32 - Navigated successfully
2021-06-03 16:52:10 INFO  For browser successful:45 - Login page has opened successfully
2021-06-03 16:52:15 INFO  For browser successful:60 - Create a customer
2021-06-03 16:52:18 INFO  For browser successful:65 - Enter customer details
2021-06-03 16:52:19 INFO  For browser successful:71 - Customer created successfully
2021-06-03 16:52:19 INFO  For browser successful:101 - Delete customer
2021-06-03 16:52:32 INFO  For browser successful:110 - Customer deleted successfully
2021-06-03 16:52:32 INFO  For browser successful:80 - Modify customer
2021-06-03 16:52:32 INFO  For browser successful:120 - Logout action performed
2021-06-03 16:52:35 INFO  For browser successful:136 - Application closed successfully
2021-06-03 16:56:05 INFO  For browser successful:18 - Browser launched successfully
2021-06-03 16:56:11 INFO  For browser successful:32 - Navigated successfully
2021-06-03 16:56:13 INFO  For browser successful:45 - Login page has opened successfully
2021-06-03 16:56:19 INFO  For browser successful:60 - Create a customer
2021-06-03 16:56:21 INFO  For browser successful:65 - Enter customer details
2021-06-03 16:56:25 INFO  For browser successful:71 - Customer created successfully
2021-06-03 16:56:25 INFO  For browser successful:101 - Delete customer
2021-06-03 16:56:38 INFO  For browser successful:110 - Customer deleted successfully
2021-06-03 16:56:38 INFO  For browser successful:80 - Modify customer
2021-06-03 16:56:38 INFO  For browser successful:120 - Logout action performed
2021-06-03 16:56:41 INFO  For browser successful:136 - Application closed successfully
2021-06-03 17:14:17 INFO  For browser successful:19 - Browser launched successfully
2021-06-03 17:14:24 INFO  For browser successful:33 - Navigated successfully
2021-06-03 17:14:27 INFO  For browser successful:46 - Login page has opened successfully
2021-06-03 17:14:32 INFO  For browser successful:61 - Create a customer
2021-06-03 17:14:38 INFO  For browser successful:67 - Enter customer details
2021-06-03 17:14:45 INFO  For browser successful:74 - Customer created successfully
2021-06-03 17:14:45 INFO  For browser successful:84 - Create a project
2021-06-03 17:14:52 INFO  For browser successful:89 - Enter project name
2021-06-03 17:15:01 INFO  For browser successful:96 - Project created successfully
2021-06-03 17:15:01 INFO  For browser successful:105 - Delete the project
2021-06-03 17:15:11 INFO  For browser successful:112 - Select the project to delete
2021-06-03 17:15:15 INFO  For browser successful:127 - Delete customer
2021-06-03 17:15:25 INFO  For browser successful:135 - Customer deleted successfully
2021-06-03 17:15:25 INFO  For browser successful:144 - Logout action performed
2021-06-03 17:15:28 INFO  For browser successful:157 - Application closed successfully
2021-06-03 17:17:37 INFO  For browser successful:19 - Browser launched successfully
2021-06-03 17:17:44 INFO  For browser successful:33 - Navigated successfully
2021-06-03 17:17:47 INFO  For browser successful:46 - Login page has opened successfully
2021-06-03 17:17:52 INFO  For browser successful:61 - Create a customer
2021-06-03 17:17:59 INFO  For browser successful:67 - Enter customer details
2021-06-03 17:18:05 INFO  For browser successful:74 - Customer created successfully
2021-06-03 17:18:05 INFO  For browser successful:84 - Create a project
2021-06-03 17:18:12 INFO  For browser successful:89 - Enter project name
2021-06-03 17:18:22 INFO  For browser successful:96 - Project created successfully
2021-06-03 17:18:22 INFO  For browser successful:105 - Delete the project
2021-06-03 17:18:23 INFO  For browser successful:19 - Browser launched successfully
2021-06-03 17:18:31 INFO  For browser successful:112 - Select the project to delete
2021-06-03 17:18:32 INFO  For browser successful:33 - Navigated successfully
2021-06-03 17:18:35 INFO  For browser successful:46 - Login page has opened successfully
2021-06-03 17:18:35 INFO  For browser successful:122 - Project deleted successfully
2021-06-03 17:18:35 INFO  For browser successful:128 - Delete customer
2021-06-03 17:18:40 INFO  For browser successful:61 - Create a customer
2021-06-03 17:18:45 INFO  For browser successful:136 - Customer deleted successfully
2021-06-03 17:18:45 INFO  For browser successful:145 - Logout action performed
2021-06-03 17:18:47 INFO  For browser successful:67 - Enter customer details
2021-06-03 17:18:49 INFO  For browser successful:158 - Application closed successfully
2021-06-03 17:18:53 INFO  For browser successful:74 - Customer created successfully
2021-06-03 17:18:53 INFO  For browser successful:84 - Create a project
2021-06-03 17:19:00 INFO  For browser successful:89 - Enter project name
2021-06-03 17:19:10 INFO  For browser successful:96 - Project created successfully
2021-06-03 17:19:10 INFO  For browser successful:105 - Delete the project
2021-06-03 17:19:19 INFO  For browser successful:112 - Select the project to delete
2021-06-03 17:19:23 INFO  For browser successful:122 - Project deleted successfully
2021-06-03 17:19:23 INFO  For browser successful:128 - Delete customer
2021-06-03 17:19:33 INFO  For browser successful:136 - Customer deleted successfully
2021-06-03 17:19:33 INFO  For browser successful:145 - Logout action performed
2021-06-03 17:19:36 INFO  For browser successful:158 - Application closed successfully
2021-06-03 17:29:50 INFO  For browser successful:18 - Browser launched successfully
2021-06-03 17:29:58 INFO  For browser successful:32 - Navigated successfully
2021-06-03 17:30:00 INFO  For browser successful:45 - Login page has opened successfully
2021-06-03 17:30:05 INFO  For browser successful:62 - Create a customer
2021-06-03 17:30:10 INFO  For browser successful:67 - Enter customer details
2021-06-03 17:30:19 INFO  For browser successful:76 - Customer created successfully
2021-06-03 17:30:19 INFO  For browser successful:88 - Create a project
2021-06-03 17:30:26 INFO  For browser successful:94 - Enter project name
2021-06-03 17:30:32 INFO  For browser successful:101 - Project created successfully
2021-06-03 17:30:32 INFO  For browser successful:113 - Modify project name
2021-06-03 17:30:43 INFO  For browser successful:124 - Project name modified successfully
2021-06-03 17:30:43 INFO  For browser successful:136 - Delete the project
2021-06-03 17:30:50 INFO  For browser successful:148 - Project deleted successfully
2021-06-03 17:30:50 INFO  For browser successful:155 - Delete customer
2021-06-03 17:31:03 INFO  For browser successful:167 - Customer deleted successfully
2021-06-03 17:31:03 INFO  For browser successful:179 - Logout action performed
2021-06-03 17:31:05 INFO  For browser successful:194 - Application closed successfully
2021-06-03 17:42:28 INFO  For browser successful:18 - Browser launched successfully
2021-06-03 17:42:37 INFO  For browser successful:32 - Navigated successfully
2021-06-03 17:42:39 INFO  For browser successful:45 - Login page has opened successfully
2021-06-03 17:42:44 INFO  For browser successful:60 - Create a customer
2021-06-03 17:42:49 INFO  For browser successful:65 - Enter customer details
2021-06-03 17:42:58 INFO  For browser successful:74 - Customer created successfully
2021-06-03 17:42:58 INFO  For browser successful:83 - Create a project
2021-06-03 17:43:02 INFO  For browser successful:89 - Enter project name
2021-06-03 17:43:09 INFO  For browser successful:96 - Project created successfully
2021-06-03 17:43:09 INFO  For browser successful:107 - Create a task
2021-06-03 17:43:13 INFO  For browser successful:115 - Task created successfully
2021-06-03 17:43:13 INFO  For browser successful:127 - Delete the task
2021-06-03 17:43:13 INFO  For browser successful:146 - Delete the project
2021-06-03 17:43:29 INFO  For browser successful:162 - Project deleted successfully
2021-06-03 17:43:29 INFO  For browser successful:168 - Delete customer
2021-06-03 17:43:38 INFO  For browser successful:182 - Customer deleted successfully
2021-06-03 17:43:38 INFO  For browser successful:187 - Logout action performed
2021-06-03 17:43:41 INFO  For browser successful:201 - Application closed successfully
2021-06-03 18:25:48 INFO  For browser successful:18 - Browser launched successfully
2021-06-03 18:25:52 INFO  For browser successful:32 - Navigated successfully
2021-06-03 18:25:57 INFO  For browser successful:45 - Admin login page displayed
2021-06-03 18:25:59 INFO  For browser successful:60 - Page minimized successfully
2021-06-03 18:26:01 INFO  For browser successful:73 - Create user1
2021-06-03 18:26:12 INFO  For browser successful:86 - User1 created successfully
2021-06-03 18:26:12 INFO  For browser successful:97 - Create user2
2021-06-03 18:26:20 INFO  For browser successful:108 - User2 created successfully
2021-06-03 18:26:20 INFO  For browser successful:119 - Create user3
2021-06-03 18:26:29 INFO  For browser successful:130 - User3 created successfully
2021-06-03 18:26:29 INFO  For browser successful:141 - Logout action performed
2021-06-03 18:26:31 INFO  For browser successful:154 - Login as User1
2021-06-03 18:26:38 INFO  For browser successful:161 - Login successful as User1
2021-06-03 18:26:38 INFO  For browser successful:172 - Logout as User1
2021-06-03 18:26:40 INFO  For browser successful:185 - Login as User2
2021-06-03 18:26:46 INFO  For browser successful:192 - Login successful as User2
2021-06-03 18:26:46 INFO  For browser successful:203 - Logout as User2
2021-06-03 18:26:48 INFO  For browser successful:216 - Login as User3
2021-06-03 18:26:53 INFO  For browser successful:223 - Login successful as User3
2021-06-03 18:26:53 INFO  For browser successful:234 - Logout as User3
2021-06-03 18:26:55 INFO  For browser successful:247 - Login as admin1
2021-06-03 18:26:57 INFO  For browser successful:262 - Delete User1
2021-06-03 18:27:08 INFO  For browser successful:278 - User1 successfully deleted
2021-06-03 18:27:08 INFO  For browser successful:285 - Delete User2
2021-06-03 18:27:17 INFO  For browser successful:301 - User2 successfully deleted
2021-06-03 18:27:17 INFO  For browser successful:308 - Delete User3
2021-06-03 18:27:27 INFO  For browser successful:324 - User3 successfully deleted
2021-06-03 18:27:27 INFO  For browser successful:331 - Logout as admin
2021-06-03 18:27:29 INFO  For browser successful:338 - Logout successful
2021-06-03 18:27:29 INFO  For browser successful:345 - Application closed successfully
2021-06-04 13:51:41 INFO  For browser successful:18 - Browser launched successfully
2021-06-04 13:51:51 INFO  For browser successful:32 - Navigated successfully
2021-06-04 13:51:58 INFO  For browser successful:45 - Admin login page displayed
2021-06-04 13:52:00 INFO  For browser successful:60 - Page minimized successfully
2021-06-04 13:52:03 INFO  For browser successful:73 - Create User1
2021-06-04 13:52:16 INFO  For browser successful:86 - User1 created successfully
2021-06-04 13:52:16 INFO  For browser successful:97 - Logout successful
2021-06-04 13:52:19 INFO  For browser successful:110 - Login as User1
2021-06-04 13:52:24 INFO  For browser successful:121 - Login successful as User1
2021-06-04 13:52:24 INFO  For browser successful:128 - Create User2
2021-06-04 13:52:35 INFO  For browser successful:141 - User2 created successfully
2021-06-04 13:52:35 INFO  For browser successful:152 - Logout as User1
2021-06-04 13:52:37 INFO  For browser successful:165 - Login as User2
2021-06-04 13:52:43 INFO  For browser successful:176 - Login successful as User2
2021-06-04 13:52:43 INFO  For browser successful:183 - Create User3
2021-06-04 13:52:55 INFO  For browser successful:196 - User3 created successfully
2021-06-04 13:52:55 INFO  For browser successful:207 - Logout as User2
2021-06-04 13:52:57 INFO  For browser successful:220 - Login as Admin1
2021-06-04 13:52:59 INFO  For browser successful:234 - Modify User1
2021-06-04 13:53:04 INFO  For browser successful:239 - Enter the details
2021-06-04 13:53:12 INFO  For browser successful:255 - User1 modified successfully
2021-06-04 13:53:12 INFO  For browser successful:266 - Logout as Admin1
2021-06-04 13:53:14 INFO  For browser successful:279 - Login again as User1
2021-06-04 13:53:17 INFO  For browser successful:294 - Modify User2
2021-06-04 13:53:21 INFO  For browser successful:299 - Enter the details
2021-06-04 13:53:29 INFO  For browser successful:315 - User2 modified successfully
2021-06-04 13:53:29 INFO  For browser successful:326 - Logout as User1
2021-06-04 13:53:31 INFO  For browser successful:339 - Login again as User2
2021-06-04 13:53:33 INFO  For browser successful:354 - Modify User3
2021-06-04 13:53:38 INFO  For browser successful:359 - Enter details
2021-06-04 13:53:46 INFO  For browser successful:375 - User3 modified successfully
2021-06-04 13:53:46 INFO  For browser successful:386 - Logout again as User2
2021-06-04 13:53:48 INFO  For browser successful:399 - Login again as User2
2021-06-04 13:53:50 INFO  For browser successful:417 - Delete User3
2021-06-04 13:54:00 INFO  For browser successful:433 - User3 deleted successfully
2021-06-04 13:54:00 INFO  For browser successful:440 - Logout again as User2
2021-06-04 13:54:02 INFO  For browser successful:453 - Login again as User1
2021-06-04 13:54:04 INFO  For browser successful:471 - Delete User2
2021-06-04 13:54:14 INFO  For browser successful:487 - User2 deleted successfully
2021-06-04 13:54:14 INFO  For browser successful:494 - Logout again as User1
2021-06-04 13:54:16 INFO  For browser successful:507 - Login again as Admin1
2021-06-04 13:54:18 INFO  For browser successful:516 - Login successful
2021-06-04 13:54:18 INFO  For browser successful:523 - Delete User1
2021-06-04 13:54:28 INFO  For browser successful:539 - User1 deleted successfully
2021-06-04 13:54:28 INFO  For browser successful:546 - Logout again as Admin1
2021-06-04 13:54:30 INFO  For browser successful:559 - Application closed successfully
2021-06-04 14:09:02 INFO  For browser successful:18 - Browser launched successfully
2021-06-04 14:09:04 INFO  For browser successful:32 - Navigated successfully
2021-06-04 14:09:09 INFO  For browser successful:45 - Login page displayed
2021-06-04 14:09:11 INFO  For browser successful:60 - Page minimized successfully
2021-06-04 14:09:12 INFO  For browser successful:73 - Create user1
2021-06-04 14:09:26 INFO  For browser successful:86 - User1 created successfully
2021-06-04 14:09:26 INFO  For browser successful:97 - Create user2
2021-06-04 14:09:34 INFO  For browser successful:108 - User2 created successfully
2021-06-04 14:09:34 INFO  For browser successful:119 - Create user3
2021-06-04 14:09:43 INFO  For browser successful:130 - User3 created successfully
2021-06-04 14:09:43 INFO  For browser successful:141 - Logout action performed
2021-06-04 14:09:45 INFO  For browser successful:154 - Login as User1
2021-06-04 14:09:50 INFO  For browser successful:161 - Login successful as User1
2021-06-04 14:09:50 INFO  For browser successful:172 - Logout as User1
2021-06-04 14:09:53 INFO  For browser successful:185 - Login as User2
2021-06-04 14:09:58 INFO  For browser successful:192 - Login successful as User2
2021-06-04 14:09:58 INFO  For browser successful:203 - Logout as User2
2021-06-04 14:10:00 INFO  For browser successful:216 - Login as User3
2021-06-04 14:10:05 INFO  For browser successful:223 - Login successful as User3
2021-06-04 14:10:05 INFO  For browser successful:234 - Logout as User3
2021-06-04 14:10:08 INFO  For browser successful:247 - Login as admin1
2021-06-04 14:10:10 INFO  For browser successful:262 - Delete User1
2021-06-04 14:10:19 INFO  For browser successful:278 - User1 successfully deleted
2021-06-04 14:10:19 INFO  For browser successful:285 - Delete User2
2021-06-04 14:10:29 INFO  For browser successful:301 - User2 successfully deleted
2021-06-04 14:10:29 INFO  For browser successful:308 - Delete User3
2021-06-04 14:10:38 INFO  For browser successful:324 - User3 successfully deleted
2021-06-04 14:10:38 INFO  For browser successful:331 - Logout as admin1
2021-06-04 14:10:40 INFO  For browser successful:338 - Logout successful
2021-06-04 14:10:40 INFO  For browser successful:345 - Application closed successfully
2021-06-04 14:16:06 INFO  For browser successful:18 - Browser launched successfully
2021-06-04 14:16:08 INFO  For browser successful:32 - Navigated successfully
2021-06-04 14:16:12 INFO  For browser successful:45 - Login page displayed
2021-06-04 14:16:14 INFO  For browser successful:50 - Login successful as Admin1
2021-06-04 14:16:14 INFO  For browser successful:61 - Page minimized successfully
2021-06-04 14:16:15 INFO  For browser successful:74 - Create User1
2021-06-04 14:16:27 INFO  For browser successful:87 - User1 created successfully
2021-06-04 14:16:27 INFO  For browser successful:98 - Logout successful
2021-06-04 14:16:29 INFO  For browser successful:111 - Login as User1
2021-06-04 14:16:34 INFO  For browser successful:122 - Login successful as User1
2021-06-04 14:16:34 INFO  For browser successful:129 - Create User2
2021-06-04 14:16:45 INFO  For browser successful:142 - User2 created successfully
2021-06-04 14:16:45 INFO  For browser successful:153 - Logout as User1
2021-06-04 14:16:47 INFO  For browser successful:166 - Login as User2
2021-06-04 14:16:53 INFO  For browser successful:177 - Login successful as User2
2021-06-04 14:16:53 INFO  For browser successful:184 - Create User3
2021-06-04 14:17:04 INFO  For browser successful:197 - User3 created successfully
2021-06-04 14:17:04 INFO  For browser successful:208 - Logout as User2
2021-06-04 14:17:06 INFO  For browser successful:221 - Login as Admin1
2021-06-04 14:17:08 INFO  For browser successful:235 - Modify User1
2021-06-04 14:17:12 INFO  For browser successful:240 - Enter the details
2021-06-04 14:17:20 INFO  For browser successful:256 - User1 modified successfully
2021-06-04 14:17:20 INFO  For browser successful:267 - Logout as Admin1
2021-06-04 14:17:22 INFO  For browser successful:280 - Login again as User1
2021-06-04 14:17:25 INFO  For browser successful:295 - Modify User2
2021-06-04 14:17:29 INFO  For browser successful:300 - Enter the details
2021-06-04 14:17:37 INFO  For browser successful:316 - User2 modified successfully
2021-06-04 14:17:37 INFO  For browser successful:327 - Logout again as User1
2021-06-04 14:17:39 INFO  For browser successful:340 - Login again as User2
2021-06-04 14:17:41 INFO  For browser successful:355 - Modify User3
2021-06-04 14:17:46 INFO  For browser successful:360 - Enter details
2021-06-04 14:17:54 INFO  For browser successful:376 - User3 modified successfully
2021-06-04 14:17:54 INFO  For browser successful:387 - Logout again as User2
2021-06-04 14:17:56 INFO  For browser successful:400 - Login again as User2
2021-06-04 14:17:58 INFO  For browser successful:418 - Delete User3
2021-06-04 14:18:08 INFO  For browser successful:434 - User3 deleted successfully
2021-06-04 14:18:08 INFO  For browser successful:441 - Logout again as User2
2021-06-04 14:18:10 INFO  For browser successful:454 - Login again as User1
2021-06-04 14:18:12 INFO  For browser successful:472 - Delete User2
2021-06-04 14:18:22 INFO  For browser successful:488 - User2 deleted successfully
2021-06-04 14:18:22 INFO  For browser successful:495 - Logout again as User1
2021-06-04 14:18:25 INFO  For browser successful:508 - Login again as Admin1
2021-06-04 14:18:27 INFO  For browser successful:513 - Login successful
2021-06-04 14:18:27 INFO  For browser successful:524 - Delete User1
2021-06-04 14:18:36 INFO  For browser successful:540 - User1 deleted successfully
2021-06-04 14:18:36 INFO  For browser successful:547 - Logout again as Admin1
2021-06-04 14:18:39 INFO  For browser successful:560 - Application closed successfully
